TN:
SF:server\src\config\contentConfig.js
FNF:21
FNH:11
DA:1,31
DA:2,27
DA:5,13
DA:6,9
DA:8,57
DA:9,40
DA:10,0
DA:11,2
DA:13,0
DA:15,0
DA:16,0
DA:17,0
DA:18,0
DA:19,2
DA:22,31
DA:23,10
DA:24,25
DA:25,70
DA:26,32
DA:32,9
DA:33,13
DA:35,36
DA:36,0
DA:37,8
DA:40,51
DA:43,75
DA:44,70
DA:45,47
DA:46,52
DA:49,43
DA:51,45
DA:52,8
DA:54,18
DA:55,0
DA:56,0
DA:59,0
DA:60,0
DA:61,0
DA:62,0
DA:64,0
DA:65,0
DA:66,0
DA:67,0
DA:68,0
DA:69,0
DA:70,0
DA:71,0
DA:72,0
DA:73,3
DA:79,9
DA:80,45
DA:81,30
DA:87,9
DA:88,45
DA:89,26
DA:95,9
DA:96,45
DA:97,33
DA:103,10
DA:105,66
DA:106,21
DA:107,0
DA:108,0
DA:109,0
DA:110,0
DA:111,0
DA:113,6
DA:116,64
DA:117,20
DA:118,0
DA:119,0
DA:120,0
DA:121,0
DA:122,0
DA:123,0
DA:124,0
DA:125,0
DA:126,0
DA:128,6
DA:131,34
DA:132,0
DA:133,6
DA:136,36
DA:137,0
DA:138,0
DA:139,0
DA:140,0
DA:141,0
DA:142,0
DA:143,0
DA:144,0
DA:145,0
DA:146,0
DA:147,0
DA:148,0
DA:149,0
DA:150,0
DA:151,0
DA:152,3
DA:159,0
DA:160,0
DA:161,0
DA:162,0
DA:163,0
DA:164,0
DA:165,0
DA:166,0
DA:167,0
DA:168,0
DA:169,0
DA:170,0
DA:171,0
DA:172,0
DA:173,0
DA:174,0
DA:175,0
DA:176,0
DA:177,0
DA:178,0
DA:179,0
DA:180,0
DA:181,0
DA:182,0
DA:183,0
DA:184,0
DA:185,0
DA:186,0
DA:187,0
DA:188,0
DA:189,0
DA:190,0
DA:191,0
DA:192,0
DA:193,0
DA:194,0
DA:195,0
DA:196,0
DA:197,0
DA:198,0
DA:199,0
DA:200,0
DA:201,0
DA:202,0
DA:203,0
DA:204,0
DA:205,0
DA:206,0
DA:207,0
DA:208,0
DA:209,0
DA:210,0
DA:211,0
DA:212,0
DA:213,0
DA:214,0
DA:215,0
DA:216,0
DA:217,0
DA:218,0
DA:219,0
DA:220,0
DA:221,0
DA:222,0
DA:223,0
DA:224,0
DA:225,0
DA:226,0
DA:227,0
DA:228,0
DA:229,0
DA:230,0
DA:231,0
DA:232,0
DA:233,0
DA:234,0
DA:235,0
DA:236,0
DA:237,0
DA:238,0
DA:239,0
DA:240,0
DA:241,0
DA:242,0
DA:243,0
DA:244,0
DA:245,0
DA:246,0
DA:247,0
DA:248,0
DA:249,0
DA:250,0
DA:251,0
DA:252,3
DA:259,0
DA:260,0
DA:261,0
DA:262,0
DA:263,0
DA:264,0
DA:265,0
DA:266,0
DA:267,0
DA:268,0
DA:269,0
DA:270,0
DA:271,0
DA:272,0
DA:273,0
DA:274,0
DA:275,0
DA:276,0
DA:277,0
DA:278,0
DA:279,0
DA:280,0
DA:281,0
DA:282,0
DA:283,3
DA:289,0
DA:290,2
DA:292,3
DA:294,45
LF:294
LH:52
end_of_record
TN:
SF:server\src\config\database.js
FNF:10
FNH:2
DA:1,45
DA:2,44
DA:4,26
DA:5,10
DA:6,28
DA:7,0
DA:8,0
DA:9,0
DA:10,0
DA:11,0
DA:12,0
DA:13,0
DA:14,0
DA:15,0
DA:16,0
DA:17,0
DA:18,0
DA:19,0
DA:20,0
DA:21,0
DA:22,0
DA:23,0
DA:24,0
DA:25,0
DA:26,0
DA:27,0
DA:28,0
DA:29,0
DA:30,0
DA:31,0
DA:32,0
DA:33,0
DA:34,0
DA:35,0
DA:36,0
DA:37,0
DA:38,0
DA:39,0
DA:40,0
DA:41,0
DA:42,0
DA:43,0
DA:44,0
DA:45,0
DA:46,0
DA:47,0
DA:48,0
DA:49,0
DA:50,0
DA:51,0
DA:52,0
DA:53,0
DA:54,0
DA:55,0
DA:56,0
DA:57,0
DA:58,0
DA:59,0
DA:60,0
DA:61,0
DA:62,0
DA:63,0
DA:64,0
DA:65,0
DA:66,0
DA:67,0
DA:68,0
DA:69,0
DA:70,0
DA:71,0
DA:72,0
DA:73,0
DA:74,0
DA:75,0
DA:76,0
DA:77,0
DA:78,0
DA:79,0
DA:80,0
DA:81,0
DA:82,0
DA:83,3
DA:90,0
DA:91,0
DA:92,0
DA:93,0
DA:94,0
DA:95,0
DA:96,0
DA:97,0
DA:98,0
DA:99,0
DA:100,0
DA:101,0
DA:102,0
DA:103,0
DA:104,0
DA:105,0
DA:106,0
DA:107,0
DA:108,0
DA:109,0
DA:110,0
DA:111,0
DA:112,0
DA:113,0
DA:114,0
DA:115,0
DA:116,0
DA:117,0
DA:118,0
DA:119,0
DA:120,0
DA:121,0
DA:122,0
DA:123,0
DA:124,0
DA:125,3
DA:131,0
DA:132,0
DA:133,0
DA:134,0
DA:135,0
DA:136,0
DA:137,0
DA:138,0
DA:139,0
DA:140,0
DA:141,0
DA:142,0
DA:143,0
DA:144,0
DA:145,0
DA:146,0
DA:147,0
DA:148,0
DA:149,0
DA:150,0
DA:151,0
DA:152,0
DA:153,0
DA:154,0
DA:155,0
DA:156,0
DA:157,0
DA:158,0
DA:159,0
DA:160,0
DA:161,0
DA:162,0
DA:163,0
DA:164,0
DA:165,0
DA:166,0
DA:167,0
DA:168,0
DA:169,0
DA:170,0
DA:171,0
DA:172,0
DA:173,0
DA:174,0
DA:175,0
DA:176,0
DA:177,0
DA:178,0
DA:179,0
DA:180,0
DA:181,0
DA:182,0
DA:183,0
DA:184,0
DA:185,0
DA:186,0
DA:187,0
DA:188,0
DA:189,0
DA:190,0
DA:191,0
DA:192,0
DA:193,0
DA:194,0
DA:195,0
DA:196,0
DA:197,0
DA:198,0
DA:199,0
DA:200,0
DA:201,0
DA:202,0
DA:203,0
DA:204,0
DA:205,0
DA:206,0
DA:207,0
DA:208,0
DA:209,0
DA:210,0
DA:211,0
DA:212,0
DA:213,0
DA:214,0
DA:215,0
DA:216,0
DA:217,0
DA:218,0
DA:219,0
DA:220,0
DA:221,0
DA:222,0
DA:223,0
DA:224,0
DA:225,0
DA:226,0
DA:227,0
DA:228,0
DA:229,0
DA:230,0
DA:231,0
DA:232,0
DA:233,0
DA:234,0
DA:235,0
DA:236,0
DA:237,0
DA:238,0
DA:239,0
DA:240,0
DA:241,0
DA:242,0
DA:243,0
DA:244,2
DA:246,3
DA:249,46
DA:250,36
LF:250
LH:11
end_of_record
TN:
SF:server\src\repositories\AnalysisRepository.js
FNF:21
FNH:2
DA:1,53
DA:2,41
DA:8,52
DA:9,30
DA:11,38
DA:12,44
DA:13,0
DA:14,0
DA:15,0
DA:16,0
DA:17,0
DA:18,0
DA:19,0
DA:20,0
DA:21,0
DA:22,0
DA:23,0
DA:24,0
DA:25,0
DA:26,0
DA:27,0
DA:28,0
DA:29,0
DA:30,0
DA:31,0
DA:32,0
DA:33,0
DA:34,0
DA:35,0
DA:36,0
DA:37,0
DA:38,0
DA:39,0
DA:40,0
DA:41,0
DA:42,0
DA:43,0
DA:44,0
DA:45,0
DA:46,0
DA:47,0
DA:48,0
DA:49,0
DA:50,0
DA:51,0
DA:52,0
DA:53,0
DA:54,0
DA:55,0
DA:56,0
DA:57,0
DA:58,0
DA:59,0
DA:60,0
DA:61,0
DA:62,0
DA:63,0
DA:64,0
DA:65,0
DA:66,0
DA:67,0
DA:68,0
DA:69,0
DA:70,0
DA:71,0
DA:72,0
DA:73,0
DA:74,0
DA:75,0
DA:76,0
DA:77,0
DA:78,0
DA:79,0
DA:80,0
DA:81,0
DA:82,0
DA:83,0
DA:84,0
DA:85,0
DA:86,0
DA:87,0
DA:88,0
DA:89,0
DA:90,0
DA:91,0
DA:92,0
DA:93,0
DA:94,0
DA:95,0
DA:96,0
DA:97,0
DA:98,0
DA:99,0
DA:100,0
DA:101,0
DA:102,0
DA:103,0
DA:104,0
DA:105,0
DA:106,0
DA:107,0
DA:108,0
DA:109,0
DA:110,0
DA:111,0
DA:112,0
DA:113,0
DA:114,0
DA:115,0
DA:116,0
DA:117,0
DA:118,0
DA:119,0
DA:120,0
DA:121,0
DA:122,0
DA:123,0
DA:124,0
DA:125,0
DA:126,0
DA:127,0
DA:128,0
DA:129,0
DA:130,0
DA:131,0
DA:132,0
DA:133,0
DA:134,0
DA:135,0
DA:136,0
DA:137,0
DA:138,0
DA:139,0
DA:140,0
DA:141,0
DA:142,0
DA:143,0
DA:144,0
DA:145,0
DA:146,0
DA:147,0
DA:148,0
DA:149,0
DA:150,0
DA:151,0
DA:152,0
DA:153,0
DA:154,0
DA:155,0
DA:156,0
DA:157,0
DA:158,0
DA:159,0
DA:160,0
DA:161,0
DA:162,0
DA:163,0
DA:164,0
DA:165,0
DA:166,0
DA:167,0
DA:168,0
DA:169,0
DA:170,0
DA:171,0
DA:172,0
DA:173,0
DA:174,0
DA:175,0
DA:176,0
DA:177,0
DA:178,0
DA:179,0
DA:180,0
DA:181,0
DA:182,0
DA:183,0
DA:184,0
DA:185,0
DA:186,0
DA:187,0
DA:188,0
DA:189,0
DA:190,0
DA:191,0
DA:192,0
DA:193,0
DA:194,0
DA:195,0
DA:196,0
DA:197,0
DA:198,0
DA:199,0
DA:200,0
DA:201,0
DA:202,0
DA:203,0
DA:204,0
DA:205,0
DA:206,0
DA:207,0
DA:208,0
DA:209,0
DA:210,0
DA:211,0
DA:212,0
DA:213,0
DA:214,0
DA:215,0
DA:216,0
DA:217,0
DA:218,0
DA:219,0
DA:220,0
DA:221,0
DA:222,0
DA:223,0
DA:224,0
DA:225,0
DA:226,0
DA:227,0
DA:228,0
DA:229,0
DA:230,0
DA:231,0
DA:232,0
DA:233,0
DA:234,0
DA:235,0
DA:236,0
DA:237,0
DA:238,0
DA:239,3
DA:243,0
DA:244,0
DA:245,0
DA:246,0
DA:247,0
DA:248,0
DA:249,0
DA:250,0
DA:251,3
DA:254,0
DA:255,0
DA:256,3
DA:259,0
DA:260,0
DA:261,0
DA:262,0
DA:263,0
DA:264,0
DA:265,3
DA:268,0
DA:269,0
DA:270,0
DA:271,0
DA:272,0
DA:273,0
DA:274,0
DA:275,3
DA:278,0
DA:279,0
DA:280,0
DA:281,0
DA:282,0
DA:283,0
DA:284,0
DA:285,0
DA:286,0
DA:287,0
DA:288,0
DA:289,0
DA:290,0
DA:291,0
DA:292,0
DA:293,0
DA:294,0
DA:295,0
DA:296,0
DA:297,0
DA:298,0
DA:299,0
DA:300,0
DA:301,0
DA:302,0
DA:303,0
DA:304,0
DA:305,0
DA:306,0
DA:307,0
DA:308,0
DA:309,0
DA:310,3
DA:313,0
DA:314,0
DA:315,0
DA:316,0
DA:317,0
DA:318,0
DA:319,0
DA:320,0
DA:321,0
DA:322,0
DA:323,0
DA:324,0
DA:325,3
DA:328,0
DA:329,0
DA:330,3
DA:333,0
DA:334,0
DA:335,0
DA:336,0
DA:337,0
DA:338,0
DA:339,0
DA:340,3
DA:343,0
DA:344,0
DA:345,0
DA:346,0
DA:347,0
DA:348,0
DA:349,0
DA:350,0
DA:351,0
DA:352,0
DA:353,0
DA:354,0
DA:355,0
DA:356,0
DA:357,0
DA:358,0
DA:359,0
DA:360,0
DA:361,0
DA:362,0
DA:363,0
DA:364,3
DA:373,0
DA:374,0
DA:375,0
DA:376,0
DA:377,0
DA:378,0
DA:379,2
DA:381,3
DA:383,39
LF:383
LH:19
end_of_record
TN:
SF:server\src\repositories\BaseRepository.js
FNF:27
FNH:2
DA:1,38
DA:2,44
DA:8,25
DA:9,39
DA:10,25
DA:11,45
DA:12,0
DA:13,0
DA:14,0
DA:15,0
DA:16,0
DA:17,0
DA:18,0
DA:19,0
DA:20,0
DA:21,0
DA:22,0
DA:23,0
DA:24,0
DA:25,0
DA:26,0
DA:27,0
DA:28,0
DA:29,0
DA:30,0
DA:31,0
DA:32,0
DA:33,0
DA:34,0
DA:35,0
DA:36,0
DA:37,0
DA:38,0
DA:39,0
DA:40,0
DA:41,0
DA:42,0
DA:43,0
DA:44,0
DA:45,0
DA:46,0
DA:47,0
DA:48,0
DA:49,0
DA:50,0
DA:51,0
DA:52,0
DA:53,0
DA:54,0
DA:55,0
DA:56,0
DA:57,0
DA:58,0
DA:59,0
DA:60,0
DA:61,0
DA:62,0
DA:63,0
DA:64,0
DA:65,0
DA:66,0
DA:67,0
DA:68,0
DA:69,0
DA:70,0
DA:71,0
DA:72,0
DA:73,0
DA:74,0
DA:75,0
DA:76,0
DA:77,0
DA:78,0
DA:79,0
DA:80,0
DA:81,0
DA:82,0
DA:83,0
DA:84,0
DA:85,0
DA:86,0
DA:87,0
DA:88,0
DA:89,0
DA:90,0
DA:91,0
DA:92,0
DA:93,0
DA:94,0
DA:95,0
DA:96,0
DA:97,0
DA:98,0
DA:99,0
DA:100,0
DA:101,0
DA:102,0
DA:103,0
DA:104,0
DA:105,0
DA:106,0
DA:107,0
DA:108,0
DA:109,0
DA:110,0
DA:111,0
DA:112,0
DA:113,0
DA:114,0
DA:115,0
DA:116,0
DA:117,0
DA:118,0
DA:119,0
DA:120,0
DA:121,0
DA:122,0
DA:123,0
DA:124,0
DA:125,0
DA:126,0
DA:127,0
DA:128,0
DA:129,0
DA:130,0
DA:131,0
DA:132,0
DA:133,0
DA:134,0
DA:135,0
DA:136,0
DA:137,0
DA:138,0
DA:139,0
DA:140,0
DA:141,0
DA:142,0
DA:143,0
DA:144,0
DA:145,0
DA:146,0
DA:147,0
DA:148,0
DA:149,0
DA:150,0
DA:151,0
DA:152,0
DA:153,0
DA:154,0
DA:155,0
DA:156,0
DA:157,0
DA:158,0
DA:159,0
DA:160,0
DA:161,0
DA:162,0
DA:163,0
DA:164,0
DA:165,0
DA:166,0
DA:167,0
DA:168,0
DA:169,0
DA:170,0
DA:171,0
DA:172,0
DA:173,0
DA:174,0
DA:175,0
DA:176,0
DA:177,0
DA:178,0
DA:179,0
DA:180,0
DA:181,0
DA:182,0
DA:183,0
DA:184,0
DA:185,0
DA:186,0
DA:187,0
DA:188,0
DA:189,0
DA:190,0
DA:191,0
DA:192,0
DA:193,0
DA:194,0
DA:195,0
DA:196,0
DA:197,0
DA:198,0
DA:199,0
DA:200,0
DA:201,0
DA:202,0
DA:203,0
DA:204,0
DA:205,0
DA:206,0
DA:207,0
DA:208,0
DA:209,0
DA:210,0
DA:211,0
DA:212,0
DA:213,0
DA:214,0
DA:215,0
DA:216,0
DA:217,0
DA:218,0
DA:219,0
DA:220,0
DA:221,0
DA:222,0
DA:223,0
DA:224,0
DA:225,0
DA:226,0
DA:227,0
DA:228,0
DA:229,0
DA:230,0
DA:231,0
DA:232,0
DA:233,0
DA:234,0
DA:235,0
DA:236,0
DA:237,0
DA:238,0
DA:239,0
DA:240,0
DA:241,0
DA:242,0
DA:243,0
DA:244,0
DA:245,0
DA:246,0
DA:247,0
DA:248,0
DA:249,0
DA:250,0
DA:251,0
DA:252,0
DA:253,0
DA:254,0
DA:255,0
DA:256,0
DA:257,0
DA:258,0
DA:259,0
DA:260,0
DA:261,0
DA:262,0
DA:263,0
DA:264,0
DA:265,0
DA:266,0
DA:267,0
DA:268,0
DA:269,0
DA:270,3
DA:275,0
DA:276,3
DA:279,0
DA:280,3
DA:283,0
DA:284,3
DA:287,0
DA:288,3
DA:291,0
DA:292,3
DA:295,0
DA:296,3
DA:299,0
DA:300,3
DA:303,0
DA:304,3
DA:307,0
DA:308,3
DA:311,0
DA:312,3
DA:315,0
DA:316,0
DA:317,0
DA:318,0
DA:319,0
DA:320,0
DA:321,0
DA:322,0
DA:323,0
DA:324,0
DA:325,0
DA:326,0
DA:327,0
DA:328,0
DA:329,0
DA:330,0
DA:331,0
DA:332,0
DA:333,0
DA:334,0
DA:335,0
DA:336,0
DA:337,0
DA:338,0
DA:339,0
DA:340,0
DA:341,0
DA:342,0
DA:343,0
DA:344,0
DA:345,0
DA:346,0
DA:347,0
DA:348,0
DA:349,0
DA:350,2
DA:353,3
DA:355,35
LF:355
LH:20
end_of_record
TN:
SF:server\src\repositories\ChannelRepository.js
FNF:22
FNH:2
DA:1,53
DA:2,41
DA:8,51
DA:9,29
DA:11,38
DA:12,43
DA:13,0
DA:14,0
DA:15,0
DA:16,0
DA:17,0
DA:18,0
DA:19,0
DA:20,0
DA:21,0
DA:22,0
DA:23,0
DA:24,0
DA:25,0
DA:26,0
DA:27,0
DA:28,0
DA:29,0
DA:30,0
DA:31,0
DA:32,0
DA:33,0
DA:34,0
DA:35,0
DA:36,0
DA:37,0
DA:38,0
DA:39,0
DA:40,0
DA:41,0
DA:42,0
DA:43,0
DA:44,0
DA:45,0
DA:46,0
DA:47,0
DA:48,0
DA:49,0
DA:50,0
DA:51,0
DA:52,0
DA:53,0
DA:54,0
DA:55,0
DA:56,0
DA:57,0
DA:58,0
DA:59,0
DA:60,0
DA:61,0
DA:62,0
DA:63,0
DA:64,0
DA:65,0
DA:66,0
DA:67,0
DA:68,0
DA:69,0
DA:70,0
DA:71,0
DA:72,0
DA:73,0
DA:74,0
DA:75,0
DA:76,0
DA:77,0
DA:78,0
DA:79,0
DA:80,0
DA:81,0
DA:82,0
DA:83,0
DA:84,0
DA:85,0
DA:86,0
DA:87,0
DA:88,0
DA:89,0
DA:90,0
DA:91,0
DA:92,0
DA:93,0
DA:94,0
DA:95,0
DA:96,0
DA:97,0
DA:98,0
DA:99,0
DA:100,0
DA:101,0
DA:102,0
DA:103,0
DA:104,0
DA:105,0
DA:106,0
DA:107,0
DA:108,0
DA:109,0
DA:110,0
DA:111,0
DA:112,0
DA:113,0
DA:114,0
DA:115,0
DA:116,0
DA:117,0
DA:118,0
DA:119,0
DA:120,0
DA:121,0
DA:122,0
DA:123,0
DA:124,0
DA:125,0
DA:126,0
DA:127,0
DA:128,0
DA:129,0
DA:130,0
DA:131,0
DA:132,0
DA:133,0
DA:134,0
DA:135,0
DA:136,0
DA:137,0
DA:138,0
DA:139,0
DA:140,0
DA:141,0
DA:142,0
DA:143,0
DA:144,0
DA:145,0
DA:146,0
DA:147,0
DA:148,0
DA:149,0
DA:150,0
DA:151,0
DA:152,0
DA:153,0
DA:154,0
DA:155,0
DA:156,0
DA:157,0
DA:158,0
DA:159,0
DA:160,0
DA:161,0
DA:162,0
DA:163,0
DA:164,0
DA:165,0
DA:166,0
DA:167,0
DA:168,0
DA:169,0
DA:170,0
DA:171,0
DA:172,0
DA:173,0
DA:174,0
DA:175,0
DA:176,0
DA:177,0
DA:178,0
DA:179,0
DA:180,0
DA:181,0
DA:182,0
DA:183,0
DA:184,0
DA:185,0
DA:186,0
DA:187,0
DA:188,0
DA:189,0
DA:190,0
DA:191,0
DA:192,0
DA:193,0
DA:194,0
DA:195,0
DA:196,0
DA:197,0
DA:198,0
DA:199,0
DA:200,0
DA:201,0
DA:202,0
DA:203,0
DA:204,0
DA:205,0
DA:206,0
DA:207,0
DA:208,0
DA:209,0
DA:210,0
DA:211,0
DA:212,0
DA:213,0
DA:214,0
DA:215,0
DA:216,0
DA:217,0
DA:218,0
DA:219,0
DA:220,0
DA:221,0
DA:222,0
DA:223,0
DA:224,0
DA:225,0
DA:226,0
DA:227,0
DA:228,0
DA:229,0
DA:230,0
DA:231,0
DA:232,0
DA:233,0
DA:234,0
DA:235,0
DA:236,0
DA:237,0
DA:238,0
DA:239,0
DA:240,0
DA:241,0
DA:242,0
DA:243,0
DA:244,0
DA:245,0
DA:246,0
DA:247,0
DA:248,0
DA:249,0
DA:250,0
DA:251,0
DA:252,0
DA:253,0
DA:254,0
DA:255,0
DA:256,0
DA:257,0
DA:258,0
DA:259,0
DA:260,0
DA:261,0
DA:262,0
DA:263,0
DA:264,0
DA:265,0
DA:266,0
DA:267,0
DA:268,0
DA:269,0
DA:270,0
DA:271,0
DA:272,0
DA:273,0
DA:274,0
DA:275,0
DA:276,0
DA:277,0
DA:278,0
DA:279,0
DA:280,0
DA:281,0
DA:282,0
DA:283,0
DA:284,0
DA:285,0
DA:286,0
DA:287,0
DA:288,0
DA:289,0
DA:290,0
DA:291,0
DA:292,0
DA:293,0
DA:294,0
DA:295,0
DA:296,0
DA:297,0
DA:298,0
DA:299,0
DA:300,0
DA:301,0
DA:302,3
DA:307,0
DA:308,0
DA:309,0
DA:310,0
DA:311,0
DA:312,0
DA:313,0
DA:314,0
DA:315,3
DA:318,0
DA:319,0
DA:320,3
DA:323,0
DA:324,0
DA:325,0
DA:326,0
DA:327,0
DA:328,0
DA:329,3
DA:332,0
DA:333,0
DA:334,0
DA:335,0
DA:336,0
DA:337,0
DA:338,0
DA:339,3
DA:342,0
DA:343,0
DA:344,0
DA:345,0
DA:346,0
DA:347,0
DA:348,0
DA:349,0
DA:350,0
DA:351,0
DA:352,0
DA:353,0
DA:354,3
DA:357,0
DA:358,0
DA:359,0
DA:360,0
DA:361,0
DA:362,0
DA:363,0
DA:364,0
DA:365,0
DA:366,0
DA:367,0
DA:368,0
DA:369,0
DA:370,0
DA:371,0
DA:372,0
DA:373,0
DA:374,0
DA:375,0
DA:376,3
DA:380,0
DA:381,0
DA:382,0
DA:383,0
DA:384,0
DA:385,0
DA:386,0
DA:387,0
DA:388,0
DA:389,0
DA:390,0
DA:391,0
DA:392,0
DA:393,0
DA:394,0
DA:395,0
DA:396,0
DA:397,0
DA:398,0
DA:399,0
DA:400,0
DA:401,0
DA:402,0
DA:403,0
DA:404,0
DA:405,0
DA:406,0
DA:407,0
DA:408,0
DA:409,0
DA:410,0
DA:411,0
DA:412,0
DA:413,0
DA:414,0
DA:415,0
DA:416,0
DA:417,0
DA:418,0
DA:419,0
DA:420,0
DA:421,0
DA:422,0
DA:423,0
DA:424,0
DA:425,0
DA:426,0
DA:427,0
DA:428,3
DA:431,0
DA:432,0
DA:433,0
DA:434,0
DA:435,0
DA:436,0
DA:437,0
DA:438,0
DA:439,0
DA:440,0
DA:441,0
DA:442,0
DA:443,0
DA:444,0
DA:445,0
DA:446,0
DA:447,0
DA:448,0
DA:449,0
DA:450,0
DA:451,0
DA:452,0
DA:453,0
DA:454,0
DA:455,0
DA:456,3
DA:459,0
DA:460,0
DA:461,0
DA:462,0
DA:463,0
DA:464,0
DA:465,0
DA:466,0
DA:467,0
DA:468,0
DA:469,0
DA:470,0
DA:471,0
DA:472,0
DA:473,0
DA:474,0
DA:475,0
DA:476,0
DA:477,0
DA:478,0
DA:479,0
DA:480,0
DA:481,0
DA:482,0
DA:483,0
DA:484,0
DA:485,0
DA:486,0
DA:487,0
DA:488,0
DA:489,0
DA:490,0
DA:491,0
DA:492,0
DA:493,3
DA:502,0
DA:503,0
DA:504,0
DA:505,0
DA:506,0
DA:507,0
DA:508,2
DA:510,3
DA:512,38
LF:512
LH:19
end_of_record
TN:
SF:server\src\repositories\index.js
FNF:14
FNH:10
DA:1,56
DA:2,61
DA:3,59
DA:9,28
DA:10,10
DA:11,29
DA:12,32
DA:18,9
DA:19,34
DA:21,13
DA:23,56
DA:25,16
DA:27,0
DA:30,0
DA:31,0
DA:33,0
DA:34,17
DA:36,62
DA:37,60
DA:39,87
DA:42,30
DA:43,0
DA:44,0
DA:47,0
DA:48,0
DA:50,8
DA:58,10
DA:59,22
DA:60,0
DA:61,6
DA:62,36
DA:69,10
DA:70,22
DA:71,0
DA:72,6
DA:73,35
DA:80,0
DA:81,0
DA:82,0
DA:83,0
DA:84,3
DA:91,0
DA:92,0
DA:93,0
DA:94,0
DA:95,0
DA:96,0
DA:97,0
DA:98,0
DA:99,0
DA:100,2
DA:102,3
DA:105,50
DA:108,22
DA:109,21
DA:112,9
DA:113,44
DA:114,43
DA:115,6
DA:116,53
DA:119,9
DA:120,35
DA:121,0
DA:122,6
DA:123,0
DA:124,0
DA:125,0
DA:126,0
DA:127,0
DA:128,0
DA:129,0
DA:130,5
DA:134,23
DA:135,19
DA:136,5
LF:136
LH:44
end_of_record
TN:
SF:server\src\services\outlierDetectionService.js
FNF:28
FNH:23
DA:1,53
DA:2,44
DA:3,85
DA:4,59
DA:6,34
DA:7,10
DA:8,36
DA:9,38
DA:10,37
DA:11,36
DA:12,33
DA:15,9
DA:16,38
DA:17,64
DA:18,60
DA:19,6
DA:20,33
DA:21,60
DA:22,8
DA:25,41
DA:26,30
DA:27,86
DA:29,38
DA:30,72
DA:32,37
DA:34,39
DA:35,0
DA:37,0
DA:38,0
DA:40,0
DA:42,0
DA:43,0
DA:44,0
DA:45,0
DA:48,0
DA:49,0
DA:50,0
DA:51,0
DA:52,0
DA:53,0
DA:54,0
DA:55,0
DA:56,0
DA:58,0
DA:59,0
DA:60,0
DA:61,0
DA:64,0
DA:65,0
DA:66,0
DA:67,0
DA:68,0
DA:71,0
DA:72,0
DA:73,0
DA:74,0
DA:76,0
DA:77,0
DA:79,0
DA:81,0
DA:82,0
DA:84,4
DA:87,32
DA:88,30
DA:89,28
DA:90,59
DA:93,65
DA:95,48
DA:96,87
DA:97,44
DA:98,23
DA:99,65
DA:100,6
DA:101,8
DA:103,28
DA:106,67
DA:107,30
DA:108,54
DA:110,34
DA:112,34
DA:113,0
DA:114,0
DA:116,0
DA:118,0
DA:121,0
DA:124,0
DA:126,0
DA:127,0
DA:128,0
DA:129,0
DA:132,0
DA:133,0
DA:134,0
DA:136,0
DA:137,0
DA:139,0
DA:141,0
DA:142,4
DA:145,20
DA:146,30
DA:147,43
DA:148,60
DA:149,57
DA:150,60
DA:151,80
DA:154,64
DA:157,42
DA:158,38
DA:159,45
DA:160,12
DA:161,6
DA:164,61
DA:165,53
DA:166,12
DA:167,6
DA:168,6
DA:171,58
DA:172,0
DA:173,0
DA:174,0
DA:175,6
DA:177,15
DA:180,40
DA:181,38
DA:182,72
DA:184,13
DA:186,53
DA:187,16
DA:188,4
DA:189,28
DA:190,10
DA:192,22
DA:193,0
DA:194,0
DA:195,0
DA:198,0
DA:199,0
DA:200,0
DA:201,0
DA:202,0
DA:203,0
DA:204,0
DA:205,0
DA:206,0
DA:207,0
DA:208,0
DA:209,0
DA:210,0
DA:212,0
DA:215,0
DA:216,0
DA:217,0
DA:220,0
DA:221,0
DA:222,0
DA:224,0
DA:226,1
DA:228,23
DA:229,85
DA:230,13
DA:234,14
DA:235,30
DA:236,54
DA:237,73
DA:240,65
DA:241,37
DA:244,61
DA:245,34
DA:246,89
DA:247,28
DA:248,35
DA:249,8
DA:250,39
DA:251,56
DA:252,37
DA:253,35
DA:254,8
DA:255,7
DA:256,6
DA:259,61
DA:260,34
DA:261,89
DA:262,55
DA:263,77
DA:265,50
DA:266,35
DA:267,8
DA:268,51
DA:269,106
DA:270,28
DA:271,35
DA:272,8
DA:273,7
DA:274,6
DA:276,43
DA:279,15
DA:280,54
DA:281,73
DA:282,48
DA:284,56
DA:285,46
DA:286,11
DA:287,6
DA:288,6
DA:290,0
DA:291,0
DA:292,0
DA:293,0
DA:294,0
DA:295,0
DA:296,0
DA:297,0
DA:298,0
DA:299,0
DA:300,0
DA:301,0
DA:302,0
DA:303,0
DA:304,0
DA:305,0
DA:306,0
DA:307,0
DA:308,0
DA:309,0
DA:310,0
DA:311,0
DA:312,0
DA:313,0
DA:314,0
DA:315,0
DA:316,0
DA:317,0
DA:318,0
DA:319,0
DA:320,0
DA:321,0
DA:322,0
DA:323,0
DA:324,0
DA:325,0
DA:326,0
DA:327,0
DA:328,0
DA:329,0
DA:330,0
DA:331,0
DA:332,0
DA:333,0
DA:334,0
DA:335,0
DA:336,0
DA:337,0
DA:338,0
DA:339,0
DA:340,0
DA:341,0
DA:342,0
DA:343,0
DA:344,0
DA:345,0
DA:346,0
DA:347,0
DA:348,0
DA:349,0
DA:350,0
DA:351,0
DA:352,0
DA:353,0
DA:354,0
DA:355,0
DA:356,0
DA:357,0
DA:358,0
DA:359,0
DA:360,0
DA:361,0
DA:362,0
DA:363,0
DA:364,0
DA:365,0
DA:366,0
DA:367,0
DA:368,0
DA:369,0
DA:370,0
DA:371,0
DA:372,0
DA:373,0
DA:374,0
DA:375,0
DA:376,0
DA:377,0
DA:378,0
DA:379,0
DA:380,0
DA:381,0
DA:382,0
DA:383,0
DA:384,0
DA:385,0
DA:386,0
DA:387,0
DA:388,0
DA:389,0
DA:390,0
DA:391,0
DA:392,0
DA:393,0
DA:394,0
DA:395,0
DA:396,0
DA:397,0
DA:398,0
DA:399,0
DA:400,0
DA:401,0
DA:402,0
DA:403,0
DA:404,0
DA:405,0
DA:406,0
DA:407,0
DA:408,0
DA:409,2
DA:412,3
DA:414,48
LF:415
LH:128
end_of_record
TN:
SF:server\src\services\outlierDetectionService.test.js
FNF:59
FNH:51
DA:1,86
DA:2,113
DA:5,29
DA:6,24
DA:7,26
DA:8,22
DA:9,2
DA:11,21
DA:12,14
DA:13,15
DA:14,12
DA:15,2
DA:17,17
DA:18,0
DA:19,0
DA:20,2
DA:21,2
DA:27,77
DA:28,48
DA:30,43
DA:31,21
DA:33,76
DA:34,68
DA:37,33
DA:38,4
DA:40,39
DA:41,77
DA:42,107
DA:43,117
DA:45,47
DA:47,39
DA:48,39
DA:49,44
DA:50,34
DA:51,6
DA:53,50
DA:54,81
DA:56,47
DA:58,41
DA:59,34
DA:60,6
DA:62,58
DA:63,79
DA:64,81
DA:66,47
DA:68,39
DA:69,34
DA:70,6
DA:72,64
DA:73,79
DA:74,71
DA:76,47
DA:78,34
DA:79,4
DA:80,4
DA:82,46
DA:83,66
DA:84,51
DA:85,23
DA:86,36
DA:87,25
DA:88,10
DA:89,20
DA:90,31
DA:91,7
DA:92,9
DA:94,67
DA:96,31
DA:97,6
DA:99,66
DA:100,51
DA:101,23
DA:102,34
DA:103,25
DA:104,7
DA:105,9
DA:107,67
DA:109,32
DA:110,6
DA:112,67
DA:113,51
DA:114,23
DA:115,37
DA:116,25
DA:117,7
DA:118,9
DA:120,67
DA:122,32
DA:123,6
DA:125,61
DA:126,51
DA:127,23
DA:128,36
DA:129,24
DA:130,7
DA:131,9
DA:133,67
DA:135,32
DA:136,6
DA:138,47
DA:139,51
DA:140,23
DA:141,36
DA:142,25
DA:143,10
DA:144,20
DA:145,35
DA:146,7
DA:147,9
DA:149,67
DA:151,32
DA:152,6
DA:154,46
DA:155,51
DA:156,23
DA:157,36
DA:158,25
DA:159,10
DA:160,20
DA:161,35
DA:162,7
DA:163,9
DA:165,67
DA:167,32
DA:168,4
DA:169,4
DA:171,40
DA:172,69
DA:173,43
DA:174,20
DA:175,48
DA:176,57
DA:177,7
DA:178,9
DA:180,53
DA:182,37
DA:183,6
DA:185,61
DA:186,43
DA:187,20
DA:188,39
DA:189,68
DA:190,7
DA:191,9
DA:193,53
DA:195,34
DA:196,6
DA:198,64
DA:199,43
DA:200,20
DA:201,45
DA:202,36
DA:203,7
DA:204,9
DA:206,53
DA:208,37
DA:209,6
DA:211,55
DA:212,43
DA:213,20
DA:214,40
DA:215,48
DA:216,7
DA:217,9
DA:219,53
DA:221,46
DA:222,42
DA:223,4
DA:224,4
DA:226,38
DA:227,23
DA:228,37
DA:229,42
DA:230,40
DA:231,6
DA:233,69
DA:234,43
DA:235,20
DA:236,46
DA:237,35
DA:238,7
DA:239,9
DA:241,56
DA:243,34
DA:244,6
DA:246,75
DA:247,43
DA:248,20
DA:249,39
DA:250,48
DA:251,7
DA:252,9
DA:254,56
DA:256,34
DA:257,6
DA:259,67
DA:260,43
DA:261,20
DA:262,39
DA:263,46
DA:264,7
DA:265,9
DA:267,56
DA:269,35
DA:270,4
DA:271,4
DA:273,41
DA:274,65
DA:275,53
DA:276,28
DA:277,31
DA:278,22
DA:279,41
DA:280,40
DA:281,9
DA:282,11
DA:283,31
DA:284,22
DA:285,36
DA:286,44
DA:287,9
DA:288,8
DA:289,8
DA:291,72
DA:292,72
DA:294,79
DA:296,47
DA:297,47
DA:298,88
DA:299,68
DA:300,6
DA:302,49
DA:303,62
DA:304,64
DA:306,86
DA:308,44
DA:309,92
DA:310,6
DA:312,53
DA:313,82
DA:315,80
DA:317,44
DA:318,49
DA:319,4
DA:320,4
DA:322,47
DA:323,64
DA:324,57
DA:325,54
DA:326,31
DA:327,33
DA:328,23
DA:329,36
DA:330,25
DA:331,7
DA:332,1
DA:333,8
DA:335,72
DA:336,34
DA:337,43
DA:338,43
DA:339,49
DA:341,88
DA:343,47
DA:344,115
DA:345,6
DA:347,52
DA:348,57
DA:349,52
DA:350,23
DA:351,36
DA:352,25
DA:353,7
DA:354,9
DA:355,54
DA:356,23
DA:357,34
DA:358,25
DA:359,7
DA:360,9
DA:362,72
DA:363,34
DA:364,36
DA:365,44
DA:367,88
DA:369,46
DA:370,4
DA:371,4
DA:373,45
DA:374,60
DA:375,51
DA:376,23
DA:377,33
DA:378,7
DA:379,9
DA:381,28
DA:382,31
DA:383,25
DA:384,29
DA:385,9
DA:386,11
DA:387,31
DA:388,25
DA:389,28
DA:390,9
DA:391,8
DA:392,8
DA:394,72
DA:396,73
DA:398,39
DA:399,59
DA:400,58
DA:401,6
DA:403,81
DA:404,50
DA:405,85
DA:407,73
DA:409,39
DA:410,48
DA:411,6
DA:413,51
DA:414,42
DA:416,51
DA:417,23
DA:418,33
DA:419,7
DA:420,9
DA:422,28
DA:423,31
DA:424,22
DA:425,35
DA:426,36
DA:427,12
DA:428,25
DA:429,29
DA:430,9
DA:431,11
DA:432,31
DA:433,25
DA:434,29
DA:435,9
DA:436,11
DA:437,31
DA:438,25
DA:439,29
DA:440,9
DA:441,8
DA:442,8
DA:444,72
DA:446,73
DA:449,46
DA:450,40
DA:451,4
DA:452,4
DA:454,36
DA:455,56
DA:456,64
DA:457,59
DA:460,57
DA:461,53
DA:463,62
DA:464,72
DA:465,75
DA:468,116
DA:469,122
DA:470,107
DA:471,42
DA:472,39
DA:473,9
DA:475,66
DA:477,102
DA:478,61
DA:479,83
DA:480,38
DA:481,73
DA:482,6
DA:484,58
DA:485,91
DA:486,59
DA:488,90
DA:490,87
DA:492,108
DA:493,64
DA:494,12
DA:495,24
DA:496,8
DA:497,4
DA:498,3
DA:499,2
LF:499
LH:387
end_of_record
TN:
SF:server\src\services\youtubeService.js
FNF:10
FNH:4
DA:1,43
DA:2,33
DA:3,44
DA:5,25
DA:6,10
DA:7,39
DA:8,22
DA:9,39
DA:10,9
DA:13,41
DA:14,60
DA:15,9
DA:17,0
DA:19,8
DA:21,28
DA:24,58
DA:25,85
DA:27,13
DA:29,54
DA:30,11
DA:31,0
DA:32,0
DA:33,8
DA:35,59
DA:36,26
DA:37,20
DA:38,21
DA:39,24
DA:40,24
DA:41,22
DA:42,11
DA:44,50
DA:47,64
DA:48,44
DA:49,30
DA:50,11
DA:53,0
DA:54,0
DA:55,0
DA:56,0
DA:57,0
DA:58,0
DA:60,10
DA:63,81
DA:65,92
DA:66,23
DA:68,23
DA:69,62
DA:70,0
DA:71,0
DA:72,0
DA:73,0
DA:74,0
DA:75,0
DA:76,0
DA:77,0
DA:78,0
DA:79,0
DA:80,0
DA:81,0
DA:82,0
DA:83,0
DA:84,0
DA:85,0
DA:86,0
DA:87,0
DA:88,0
DA:89,0
DA:90,0
DA:91,0
DA:92,0
DA:93,0
DA:94,0
DA:95,0
DA:96,0
DA:97,0
DA:98,0
DA:99,0
DA:100,0
DA:101,0
DA:102,0
DA:103,0
DA:104,0
DA:105,0
DA:106,0
DA:107,0
DA:108,0
DA:109,0
DA:110,0
DA:111,0
DA:112,0
DA:113,0
DA:114,0
DA:115,0
DA:116,0
DA:117,0
DA:118,0
DA:119,0
DA:120,0
DA:121,0
DA:122,0
DA:123,0
DA:124,0
DA:125,0
DA:126,0
DA:127,0
DA:128,0
DA:129,0
DA:130,0
DA:131,0
DA:132,0
DA:133,0
DA:134,0
DA:135,0
DA:136,0
DA:137,0
DA:138,0
DA:139,0
DA:140,0
DA:141,0
DA:142,0
DA:143,0
DA:144,0
DA:145,0
DA:146,0
DA:147,0
DA:148,0
DA:149,0
DA:150,0
DA:151,0
DA:152,0
DA:153,0
DA:154,0
DA:155,0
DA:156,0
DA:157,0
DA:158,0
DA:159,0
DA:160,0
DA:161,0
DA:162,0
DA:163,0
DA:164,0
DA:165,2
DA:168,3
DA:170,39
LF:171
LH:42
end_of_record
TN:
SF:server\src\utils\logger.js
FNF:10
FNH:1
DA:1,37
DA:2,31
DA:3,27
DA:6,52
DA:7,27
DA:8,0
DA:9,2
DA:12,48
DA:13,30
DA:14,35
DA:15,4
DA:16,40
DA:17,0
DA:18,0
DA:19,0
DA:20,0
DA:21,0
DA:22,0
DA:23,0
DA:24,0
DA:25,0
DA:26,0
DA:27,0
DA:28,0
DA:29,0
DA:30,0
DA:31,0
DA:33,1
DA:34,4
DA:37,45
DA:38,30
DA:39,20
DA:40,4
DA:41,27
DA:42,0
DA:43,0
DA:44,0
DA:46,1
DA:47,4
DA:49,41
DA:50,43
DA:51,29
DA:52,20
DA:53,35
DA:54,58
DA:55,41
DA:56,20
DA:57,6
DA:58,19
DA:60,37
DA:61,49
DA:62,23
DA:63,26
DA:64,21
DA:65,20
DA:66,9
DA:68,37
DA:69,52
DA:70,26
DA:71,21
DA:72,20
DA:73,9
DA:75,37
DA:76,49
DA:77,22
DA:78,31
DA:79,28
DA:80,23
DA:81,0
DA:82,0
DA:83,0
DA:84,0
DA:85,0
DA:87,3
DA:88,10
DA:89,26
DA:90,21
DA:91,20
DA:92,6
DA:93,3
DA:94,5
DA:97,47
DA:98,49
DA:99,25
DA:100,6
DA:101,2
DA:104,31
DA:105,11
DA:108,0
DA:109,0
DA:110,0
DA:111,0
DA:112,0
DA:113,5
DA:116,0
DA:117,5
DA:121,0
DA:122,0
DA:123,0
DA:124,0
DA:125,0
DA:126,0
DA:127,5
DA:131,0
DA:132,0
DA:133,0
DA:134,0
DA:135,0
DA:136,5
DA:140,0
DA:141,0
DA:142,0
DA:143,0
DA:144,0
DA:145,5
DA:149,0
DA:150,0
DA:151,0
DA:152,0
DA:153,0
DA:154,0
DA:155,0
DA:156,2
DA:158,4
DA:160,35
LF:161
LH:72
end_of_record
TN:
SF:test\factories\testDataFactory.js
FNF:19
FNH:9
DA:2,40
DA:7,19
DA:8,22
DA:9,24
DA:10,53
DA:11,18
DA:12,133
DA:13,45
DA:14,67
DA:15,123
DA:16,23
DA:17,99
DA:18,7
DA:19,8
DA:20,21
DA:21,72
DA:22,72
DA:23,70
DA:24,8
DA:25,25
DA:26,102
DA:27,5
DA:28,6
DA:30,50
DA:33,33
DA:34,72
DA:37,0
DA:38,0
DA:39,0
DA:40,0
DA:41,0
DA:42,0
DA:43,0
DA:44,0
DA:45,0
DA:46,0
DA:47,0
DA:48,8
DA:51,22
DA:52,33
DA:53,32
DA:54,91
DA:55,67
DA:56,15
DA:57,36
DA:59,4
DA:60,14
DA:62,1
DA:67,36
DA:68,22
DA:69,24
DA:70,62
DA:71,18
DA:72,45
DA:73,29
DA:74,30
DA:75,30
DA:76,28
DA:77,28
DA:78,11
DA:79,45
DA:80,65
DA:81,23
DA:82,86
DA:83,7
DA:84,8
DA:85,21
DA:86,80
DA:87,72
DA:88,73
DA:89,5
DA:90,6
DA:92,58
DA:95,33
DA:96,72
DA:99,0
DA:100,0
DA:101,0
DA:102,0
DA:103,0
DA:104,0
DA:105,0
DA:106,0
DA:107,8
DA:110,0
DA:111,0
DA:112,0
DA:113,0
DA:114,0
DA:115,0
DA:116,0
DA:117,0
DA:118,1
DA:120,1
DA:125,43
DA:126,22
DA:127,24
DA:128,56
DA:129,20
DA:130,18
DA:131,25
DA:132,20
DA:133,29
DA:134,58
DA:135,56
DA:136,56
DA:137,61
DA:138,6
DA:140,44
DA:143,8
DA:144,26
DA:145,62
DA:146,19
DA:147,22
DA:148,20
DA:149,24
DA:150,3
DA:152,1
DA:157,42
DA:158,0
DA:159,0
DA:160,0
DA:161,0
DA:162,0
DA:163,0
DA:164,0
DA:165,0
DA:166,0
DA:167,0
DA:168,0
DA:169,0
DA:170,8
DA:173,0
DA:174,8
DA:177,0
DA:178,0
DA:179,0
DA:180,0
DA:181,0
DA:182,0
DA:183,0
DA:184,0
DA:185,1
DA:187,1
DA:192,40
DA:193,0
DA:194,0
DA:195,0
DA:196,0
DA:197,0
DA:198,0
DA:199,0
DA:200,0
DA:201,0
DA:202,0
DA:203,0
DA:204,0
DA:205,0
DA:206,0
DA:207,8
DA:210,0
DA:211,0
DA:212,0
DA:213,0
DA:214,0
DA:215,0
DA:216,0
DA:217,0
DA:218,0
DA:219,8
DA:222,0
DA:223,0
DA:224,0
DA:225,0
DA:226,1
DA:228,1
DA:230,17
DA:231,15
DA:232,17
DA:233,24
DA:234,23
DA:235,19
DA:236,1
LF:236
LH:108
end_of_record
TN:
SF:test\setup.js
FNF:18
FNH:3
DA:4,79
DA:5,52
DA:8,30
DA:9,45
DA:10,49
DA:11,50
DA:12,36
DA:13,39
DA:16,27
DA:17,13
DA:18,15
DA:19,17
DA:20,12
DA:21,18
DA:22,2
DA:25,22
DA:26,14
DA:27,15
DA:28,14
DA:29,13
DA:30,2
DA:33,21
DA:35,0
DA:36,0
DA:37,0
DA:38,0
DA:39,0
DA:40,0
DA:41,0
DA:42,0
DA:43,3
DA:46,0
DA:47,0
DA:48,0
DA:49,0
DA:50,0
DA:51,0
DA:52,0
DA:53,0
DA:54,0
DA:55,0
DA:56,0
DA:57,0
DA:58,0
DA:59,0
DA:60,0
DA:61,0
DA:62,0
DA:63,0
DA:64,0
DA:65,0
DA:66,3
DA:69,0
DA:70,0
DA:71,0
DA:72,0
DA:73,0
DA:74,0
DA:75,0
DA:76,0
DA:77,0
DA:78,0
DA:79,0
DA:80,0
DA:81,0
DA:82,0
DA:83,0
DA:84,0
DA:85,0
DA:86,0
DA:87,3
DA:90,0
DA:91,0
DA:92,0
DA:93,0
DA:94,0
DA:95,0
DA:96,0
DA:97,3
DA:100,9
DA:103,0
DA:104,0
DA:105,0
DA:106,0
DA:107,0
DA:108,0
DA:109,0
DA:110,1
DA:111,2
DA:114,18
DA:116,62
DA:117,60
DA:118,23
DA:119,2
DA:120,4
DA:122,57
DA:123,60
DA:124,23
DA:125,2
DA:126,3
DA:127,3
DA:129,66
LF:129
LH:42
end_of_record
